#
# There is insufficient memory for the Java Runtime Environment to continue.
# Native memory allocation (mmap) failed to map 65536 bytes for Failed to commit metaspace.
# Possible reasons:
#   The system is out of physical RAM or swap space
#   The process is running with CompressedOops enabled, and the Java Heap may be blocking the growth of the native heap
# Possible solutions:
#   Reduce memory load on the system
#   Increase physical memory or swap space
#   Check if swap backing store is full
#   Decrease Java heap size (-Xmx/-Xms)
#   Decrease number of Java threads
#   Decrease Java thread stack sizes (-Xss)
#   Set larger code cache with -XX:ReservedCodeCacheSize=
#   JVM is running with Zero Based Compressed Oops mode in which the Java heap is
#     placed in the first 32GB address space. The Java Heap base address is the
#     maximum limit for the native heap growth. Please use -XX:HeapBaseMinAddress
#     to set the Java Heap base and to place the Java Heap above 32GB virtual address.
# This output file may be truncated or incomplete.
#
#  Out of Memory Error (virtualSpaceNode.cpp:110), pid=46128, tid=45956
#
# JRE version: OpenJDK Runtime Environment Zulu17.32+13-CA (17.0.2+8) (build 17.0.2+8-LTS)
# Java VM: OpenJDK 64-Bit Server VM Zulu17.32+13-CA (17.0.2+8-LTS, mixed mode, tiered, compressed oops, compressed class ptrs, g1 gc, windows-amd64)
# No core dump will be written. Minidumps are not enabled by default on client versions of Windows
#

---------------  S U M M A R Y ------------

Command Line: -Dfile.encoding=UTF-8 -Dstdout.encoding=UTF-8 -Dstderr.encoding=UTF-8 -XX:+ShowCodeDetailsInExceptionMessages seleniumDemoProject.sel

Host: 12th Gen Intel(R) Core(TM) i5-1245U, 12 cores, 15G,  Windows 11 , 64 bit Build 22621 (10.0.22621.3958)
Time: Fri Sep 27 10:52:44 2024 India Standard Time elapsed time: 0.188258 seconds (0d 0h 0m 0s)

---------------  T H R E A D  ---------------

Current thread (0x0000020a1240ea00):  JavaThread "main" [_thread_in_vm, id=45956, stack(0x000000d378b00000,0x000000d378c00000)]

Stack: [0x000000d378b00000,0x000000d378c00000]
Native frames: (J=compiled Java code, j=interpreted, Vv=VM code, C=native code)
V  [jvm.dll+0x6769fa]
V  [jvm.dll+0x831784]
V  [jvm.dll+0x832f2e]
V  [jvm.dll+0x833593]
V  [jvm.dll+0x2455e5]
V  [jvm.dll+0x82d72b]
V  [jvm.dll+0x61b616]
V  [jvm.dll+0x1c057e]
V  [jvm.dll+0x61df51]
V  [jvm.dll+0x61bfb6]
V  [jvm.dll+0x239b6f]
V  [jvm.dll+0x625cc5]
V  [jvm.dll+0x1ea3ab]
V  [jvm.dll+0x1ea8e5]
V  [jvm.dll+0x1eb31f]
V  [jvm.dll+0x1e07d1]
V  [jvm.dll+0x53c2d0]
V  [jvm.dll+0x7ac378]
V  [jvm.dll+0x7ac464]
V  [jvm.dll+0x40cdb5]
V  [jvm.dll+0x412fd9]
C  [java.dll+0x17ec]

Java frames: (J=compiled Java code, j=interpreted, Vv=VM code)
j  java.lang.ClassLoader.defineClass1(Ljava/lang/ClassLoader;Ljava/lang/String;[BIILjava/security/ProtectionDomain;Ljava/lang/String;)Ljava/lang/Class;+0 java.base@17.0.2
j  java.lang.ClassLoader.defineClass(Ljava/lang/String;[BIILjava/security/ProtectionDomain;)Ljava/lang/Class;+27 java.base@17.0.2
j  java.security.SecureClassLoader.defineClass(Ljava/lang/String;[BIILjava/security/CodeSource;)Ljava/lang/Class;+12 java.base@17.0.2
j  jdk.internal.loader.BuiltinClassLoader.defineClass(Ljava/lang/String;Ljdk/internal/loader/Resource;)Ljava/lang/Class;+117 java.base@17.0.2
j  jdk.internal.loader.BuiltinClassLoader.findClassOnClassPathOrNull(Ljava/lang/String;)Ljava/lang/Class;+37 java.base@17.0.2
j  jdk.internal.loader.BuiltinClassLoader.loadClassOrNull(Ljava/lang/String;Z)Ljava/lang/Class;+111 java.base@17.0.2
j  jdk.internal.loader.BuiltinClassLoader.loadClass(Ljava/lang/String;Z)Ljava/lang/Class;+3 java.base@17.0.2
j  jdk.internal.loader.ClassLoaders$AppClassLoader.loadClass(Ljava/lang/String;Z)Ljava/lang/Class;+36 java.base@17.0.2
j  java.lang.ClassLoader.loadClass(Ljava/lang/String;)Ljava/lang/Class;+3 java.base@17.0.2
v  ~StubRoutines::call_stub
j  java.lang.ClassLoader.defineClass1(Ljava/lang/ClassLoader;Ljava/lang/String;[BIILjava/security/ProtectionDomain;Ljava/lang/String;)Ljava/lang/Class;+0 java.base@17.0.2
j  java.lang.ClassLoader.defineClass(Ljava/lang/String;[BIILjava/security/ProtectionDomain;)Ljava/lang/Class;+27 java.base@17.0.2
j  java.security.SecureClassLoader.defineClass(Ljava/lang/String;[BIILjava/security/CodeSource;)Ljava/lang/Class;+12 java.base@17.0.2
j  jdk.internal.loader.BuiltinClassLoader.defineClass(Ljava/lang/String;Ljdk/internal/loader/Resource;)Ljava/lang/Class;+117 java.base@17.0.2
j  jdk.internal.loader.BuiltinClassLoader.findClassOnClassPathOrNull(Ljava/lang/String;)Ljava/lang/Class;+37 java.base@17.0.2
j  jdk.internal.loader.BuiltinClassLoader.loadClassOrNull(Ljava/lang/String;Z)Ljava/lang/Class;+111 java.base@17.0.2
j  jdk.internal.loader.BuiltinClassLoader.loadClass(Ljava/lang/String;Z)Ljava/lang/Class;+3 java.base@17.0.2
j  jdk.internal.loader.ClassLoaders$AppClassLoader.loadClass(Ljava/lang/String;Z)Ljava/lang/Class;+36 java.base@17.0.2
j  java.lang.ClassLoader.loadClass(Ljava/lang/String;)Ljava/lang/Class;+3 java.base@17.0.2
v  ~StubRoutines::call_stub
j  java.lang.ClassLoader.defineClass1(Ljava/lang/ClassLoader;Ljava/lang/String;[BIILjava/security/ProtectionDomain;Ljava/lang/String;)Ljava/lang/Class;+0 java.base@17.0.2
j  java.lang.ClassLoader.defineClass(Ljava/lang/String;[BIILjava/security/ProtectionDomain;)Ljava/lang/Class;+27 java.base@17.0.2
j  java.security.SecureClassLoader.defineClass(Ljava/lang/String;[BIILjava/security/CodeSource;)Ljava/lang/Class;+12 java.base@17.0.2
j  jdk.internal.loader.BuiltinClassLoader.defineClass(Ljava/lang/String;Ljdk/internal/loader/Resource;)Ljava/lang/Class;+117 java.base@17.0.2
j  jdk.internal.loader.BuiltinClassLoader.findClassOnClassPathOrNull(Ljava/lang/String;)Ljava/lang/Class;+37 java.base@17.0.2
j  jdk.internal.loader.BuiltinClassLoader.loadClassOrNull(Ljava/lang/String;Z)Ljava/lang/Class;+111 java.base@17.0.2
j  jdk.internal.loader.BuiltinClassLoader.loadClass(Ljava/lang/String;Z)Ljava/lang/Class;+3 java.base@17.0.2
j  jdk.internal.loader.ClassLoaders$AppClassLoader.loadClass(Ljava/lang/String;Z)Ljava/lang/Class;+36 java.base@17.0.2
j  java.lang.ClassLoader.loadClass(Ljava/lang/String;)Ljava/lang/Class;+3 java.base@17.0.2
v  ~StubRoutines::call_stub
j  seleniumDemoProject.sel.main([Ljava/lang/String;)V+0
v  ~StubRoutines::call_stub

---------------  P R O C E S S  ---------------

Threads class SMR info:
_java_thread_list=0x0000020a381f1f00, length=12, elements={
0x0000020a1240ea00, 0x0000020a3807d250, 0x0000020a3807dfb0, 0x0000020a38053bf0,
0x0000020a380540c0, 0x0000020a38087c50, 0x0000020a3808c130, 0x0000020a3808cd00,
0x0000020a3808d9f0, 0x0000020a3808df00, 0x0000020a38212650, 0x0000020a38224c20
}

Java Threads: ( => current thread )
=>0x0000020a1240ea00 JavaThread "main" [_thread_in_vm, id=45956, stack(0x000000d378b00000,0x000000d378c00000)]
  0x0000020a3807d250 JavaThread "Reference Handler" daemon [_thread_blocked, id=39132, stack(0x000000d379200000,0x000000d379300000)]
  0x0000020a3807dfb0 JavaThread "Finalizer" daemon [_thread_blocked, id=40932, stack(0x000000d379300000,0x000000d379400000)]
  0x0000020a38053bf0 JavaThread "Signal Dispatcher" daemon [_thread_blocked, id=28028, stack(0x000000d379400000,0x000000d379500000)]
  0x0000020a380540c0 JavaThread "Attach Listener" daemon [_thread_blocked, id=36952, stack(0x000000d379500000,0x000000d379600000)]
  0x0000020a38087c50 JavaThread "Service Thread" daemon [_thread_blocked, id=44948, stack(0x000000d379600000,0x000000d379700000)]
  0x0000020a3808c130 JavaThread "Monitor Deflation Thread" daemon [_thread_blocked, id=45016, stack(0x000000d379700000,0x000000d379800000)]
  0x0000020a3808cd00 JavaThread "C2 CompilerThread0" daemon [_thread_blocked, id=45000, stack(0x000000d379800000,0x000000d379900000)]
  0x0000020a3808d9f0 JavaThread "C1 CompilerThread0" daemon [_thread_blocked, id=46700, stack(0x000000d379900000,0x000000d379a00000)]
  0x0000020a3808df00 JavaThread "Sweeper thread" daemon [_thread_blocked, id=16156, stack(0x000000d379a00000,0x000000d379b00000)]
  0x0000020a38212650 JavaThread "Notification Thread" daemon [_thread_blocked, id=42688, stack(0x000000d379b00000,0x000000d379c00000)]
  0x0000020a38224c20 JavaThread "Common-Cleaner" daemon [_thread_blocked, id=43016, stack(0x000000d379d00000,0x000000d379e00000)]

Other Threads:
  0x0000020a3806a620 VMThread "VM Thread" [stack: 0x000000d379100000,0x000000d379200000] [id=37068]
  0x0000020a14647e60 WatcherThread [stack: 0x000000d379c00000,0x000000d379d00000] [id=38216]
  0x0000020a14623f40 GCTaskThread "GC Thread#0" [stack: 0x000000d378c00000,0x000000d378d00000] [id=46116]
  0x0000020a14634890 ConcurrentGCThread "G1 Main Marker" [stack: 0x000000d378d00000,0x000000d378e00000] [id=46196]
  0x0000020a14635d20 ConcurrentGCThread "G1 Conc#0" [stack: 0x000000d378e00000,0x000000d378f00000] [id=44292]
  0x0000020a1467ea40 ConcurrentGCThread "G1 Refine#0" [stack: 0x000000d378f00000,0x000000d379000000] [id=34932]
  0x0000020a37626500 ConcurrentGCThread "G1 Service" [stack: 0x000000d379000000,0x000000d379100000] [id=46640]

Threads with active compile tasks:

VM state: not at safepoint (normal execution)

VM Mutex/Monitor currently owned by a thread:  ([mutex/lock_event])
[0x0000020a145d4920] Metaspace_lock - owner thread: 0x0000020a1240ea00

Heap address: 0x0000000705000000, size: 4016 MB, Compressed Oops mode: Zero based, Oop shift amount: 3

CDS archive(s) not mapped
Compressed class space mapped at: 0x0000000800000000-0x0000000840000000, reserved size: 1073741824
Narrow klass base: 0x0000000800000000, Narrow klass shift: 0, Narrow klass range: 0x40000000

GC Precious Log:
 CPUs: 12 total, 12 available
 Memory: 16059M
 Large Page Support: Disabled
 NUMA Support: Disabled
 Compressed Oops: Enabled (Zero based)
 Heap Region Size: 2M
 Heap Min Capacity: 8M
 Heap Initial Capacity: 252M
 Heap Max Capacity: 4016M
 Pre-touch: Disabled
 Parallel Workers: 10
 Concurrent Workers: 3
 Concurrent Refinement Workers: 10
 Periodic GC: Disabled

Heap:
 garbage-first heap   total 258048K, used 2048K [0x0000000705000000, 0x0000000800000000)
  region size 2048K, 2 young (4096K), 0 survivors (0K)
 Metaspace       used 4867K, committed 4992K, reserved 1056768K
  class space    used 410K, committed 512K, reserved 1048576K

Heap Regions: E=young(eden), S=young(survivor), O=old, HS=humongous(starts), HC=humongous(continues), CS=collection set, F=free, OA=open archive, CA=closed archive, TAMS=top-at-mark-start (previous, next)
|   0|0x0000000705000000, 0x0000000705000000, 0x0000000705200000|  0%| F|  |TAMS 0x0000000705000000, 0x0000000705000000| Untracked 
|   1|0x0000000705200000, 0x0000000705200000, 0x0000000705400000|  0%| F|  |TAMS 0x0000000705200000, 0x0000000705200000| Untracked 
|   2|0x0000000705400000, 0x0000000705400000, 0x0000000705600000|  0%| F|  |TAMS 0x0000000705400000, 0x0000000705400000| Untracked 
|   3|0x0000000705600000, 0x0000000705600000, 0x0000000705800000|  0%| F|  |TAMS 0x0000000705600000, 0x0000000705600000| Untracked 
|   4|0x0000000705800000, 0x0000000705800000, 0x0000000705a00000|  0%| F|  |TAMS 0x0000000705800000, 0x0000000705800000| Untracked 
|   5|0x0000000705a00000, 0x0000000705a00000, 0x0000000705c00000|  0%| F|  |TAMS 0x0000000705a00000, 0x0000000705a00000| Untracked 
|   6|0x0000000705c00000, 0x0000000705c00000, 0x0000000705e00000|  0%| F|  |TAMS 0x0000000705c00000, 0x0000000705c00000| Untracked 
|   7|0x0000000705e00000, 0x0000000705e00000, 0x0000000706000000|  0%| F|  |TAMS 0x0000000705e00000, 0x0000000705e00000| Untracked 
|   8|0x0000000706000000, 0x0000000706000000, 0x0000000706200000|  0%| F|  |TAMS 0x0000000706000000, 0x0000000706000000| Untracked 
|   9|0x0000000706200000, 0x0000000706200000, 0x0000000706400000|  0%| F|  |TAMS 0x0000000706200000, 0x0000000706200000| Untracked 
|  10|0x0000000706400000, 0x0000000706400000, 0x0000000706600000|  0%| F|  |TAMS 0x0000000706400000, 0x0000000706400000| Untracked 
|  11|0x0000000706600000, 0x0000000706600000, 0x0000000706800000|  0%| F|  |TAMS 0x0000000706600000, 0x0000000706600000| Untracked 
|  12|0x0000000706800000, 0x0000000706800000, 0x0000000706a00000|  0%| F|  |TAMS 0x0000000706800000, 0x0000000706800000| Untracked 
|  13|0x0000000706a00000, 0x0000000706a00000, 0x0000000706c00000|  0%| F|  |TAMS 0x0000000706a00000, 0x0000000706a00000| Untracked 
|  14|0x0000000706c00000, 0x0000000706c00000, 0x0000000706e00000|  0%| F|  |TAMS 0x0000000706c00000, 0x0000000706c00000| Untracked 
|  15|0x0000000706e00000, 0x0000000706e00000, 0x0000000707000000|  0%| F|  |TAMS 0x0000000706e00000, 0x0000000706e00000| Untracked 
|  16|0x0000000707000000, 0x0000000707000000, 0x0000000707200000|  0%| F|  |TAMS 0x0000000707000000, 0x0000000707000000| Untracked 
|  17|0x0000000707200000, 0x0000000707200000, 0x0000000707400000|  0%| F|  |TAMS 0x0000000707200000, 0x0000000707200000| Untracked 
|  18|0x0000000707400000, 0x0000000707400000, 0x0000000707600000|  0%| F|  |TAMS 0x0000000707400000, 0x0000000707400000| Untracked 
|  19|0x0000000707600000, 0x0000000707600000, 0x0000000707800000|  0%| F|  |TAMS 0x0000000707600000, 0x0000000707600000| Untracked 
|  20|0x0000000707800000, 0x0000000707800000, 0x0000000707a00000|  0%| F|  |TAMS 0x0000000707800000, 0x0000000707800000| Untracked 
|  21|0x0000000707a00000, 0x0000000707a00000, 0x0000000707c00000|  0%| F|  |TAMS 0x0000000707a00000, 0x0000000707a00000| Untracked 
|  22|0x0000000707c00000, 0x0000000707c00000, 0x0000000707e00000|  0%| F|  |TAMS 0x0000000707c00000, 0x0000000707c00000| Untracked 
|  23|0x0000000707e00000, 0x0000000707e00000, 0x0000000708000000|  0%| F|  |TAMS 0x0000000707e00000, 0x0000000707e00000| Untracked 
|  24|0x0000000708000000, 0x0000000708000000, 0x0000000708200000|  0%| F|  |TAMS 0x0000000708000000, 0x0000000708000000| Untracked 
|  25|0x0000000708200000, 0x0000000708200000, 0x0000000708400000|  0%| F|  |TAMS 0x0000000708200000, 0x0000000708200000| Untracked 
|  26|0x0000000708400000, 0x0000000708400000, 0x0000000708600000|  0%| F|  |TAMS 0x0000000708400000, 0x0000000708400000| Untracked 
|  27|0x0000000708600000, 0x0000000708600000, 0x0000000708800000|  0%| F|  |TAMS 0x0000000708600000, 0x0000000708600000| Untracked 
|  28|0x0000000708800000, 0x0000000708800000, 0x0000000708a00000|  0%| F|  |TAMS 0x0000000708800000, 0x0000000708800000| Untracked 
|  29|0x0000000708a00000, 0x0000000708a00000, 0x0000000708c00000|  0%| F|  |TAMS 0x0000000708a00000, 0x0000000708a00000| Untracked 
|  30|0x0000000708c00000, 0x0000000708c00000, 0x0000000708e00000|  0%| F|  |TAMS 0x0000000708c00000, 0x0000000708c00000| Untracked 
|  31|0x0000000708e00000, 0x0000000708e00000, 0x0000000709000000|  0%| F|  |TAMS 0x0000000708e00000, 0x0000000708e00000| Untracked 
|  32|0x0000000709000000, 0x0000000709000000, 0x0000000709200000|  0%| F|  |TAMS 0x0000000709000000, 0x0000000709000000| Untracked 
|  33|0x0000000709200000, 0x0000000709200000, 0x0000000709400000|  0%| F|  |TAMS 0x0000000709200000, 0x0000000709200000| Untracked 
|  34|0x0000000709400000, 0x0000000709400000, 0x0000000709600000|  0%| F|  |TAMS 0x0000000709400000, 0x0000000709400000| Untracked 
|  35|0x0000000709600000, 0x0000000709600000, 0x0000000709800000|  0%| F|  |TAMS 0x0000000709600000, 0x0000000709600000| Untracked 
|  36|0x0000000709800000, 0x0000000709800000, 0x0000000709a00000|  0%| F|  |TAMS 0x0000000709800000, 0x0000000709800000| Untracked 
|  37|0x0000000709a00000, 0x0000000709a00000, 0x0000000709c00000|  0%| F|  |TAMS 0x0000000709a00000, 0x0000000709a00000| Untracked 
|  38|0x0000000709c00000, 0x0000000709c00000, 0x0000000709e00000|  0%| F|  |TAMS 0x0000000709c00000, 0x0000000709c00000| Untracked 
|  39|0x0000000709e00000, 0x0000000709e00000, 0x000000070a000000|  0%| F|  |TAMS 0x0000000709e00000, 0x0000000709e00000| Untracked 
|  40|0x000000070a000000, 0x000000070a000000, 0x000000070a200000|  0%| F|  |TAMS 0x000000070a000000, 0x000000070a000000| Untracked 
|  41|0x000000070a200000, 0x000000070a200000, 0x000000070a400000|  0%| F|  |TAMS 0x000000070a200000, 0x000000070a200000| Untracked 
|  42|0x000000070a400000, 0x000000070a400000, 0x000000070a600000|  0%| F|  |TAMS 0x000000070a400000, 0x000000070a400000| Untracked 
|  43|0x000000070a600000, 0x000000070a600000, 0x000000070a800000|  0%| F|  |TAMS 0x000000070a600000, 0x000000070a600000| Untracked 
|  44|0x000000070a800000, 0x000000070a800000, 0x000000070aa00000|  0%| F|  |TAMS 0x000000070a800000, 0x000000070a800000| Untracked 
|  45|0x000000070aa00000, 0x000000070aa00000, 0x000000070ac00000|  0%| F|  |TAMS 0x000000070aa00000, 0x000000070aa00000| Untracked 
|  46|0x000000070ac00000, 0x000000070ac00000, 0x000000070ae00000|  0%| F|  |TAMS 0x000000070ac00000, 0x000000070ac00000| Untracked 
|  47|0x000000070ae00000, 0x000000070ae00000, 0x000000070b000000|  0%| F|  |TAMS 0x000000070ae00000, 0x000000070ae00000| Untracked 
|  48|0x000000070b000000, 0x000000070b000000, 0x000000070b200000|  0%| F|  |TAMS 0x000000070b000000, 0x000000070b000000| Untracked 
|  49|0x000000070b200000, 0x000000070b200000, 0x000000070b400000|  0%| F|  |TAMS 0x000000070b200000, 0x000000070b200000| Untracked 
|  50|0x000000070b400000, 0x000000070b400000, 0x000000070b600000|  0%| F|  |TAMS 0x000000070b400000, 0x000000070b400000| Untracked 
|  51|0x000000070b600000, 0x000000070b600000, 0x000000070b800000|  0%| F|  |TAMS 0x000000070b600000, 0x000000070b600000| Untracked 
|  52|0x000000070b800000, 0x000000070b800000, 0x000000070ba00000|  0%| F|  |TAMS 0x000000070b800000, 0x000000070b800000| Untracked 
|  53|0x000000070ba00000, 0x000000070ba00000, 0x000000070bc00000|  0%| F|  |TAMS 0x000000070ba00000, 0x000000070ba00000| Untracked 
|  54|0x000000070bc00000, 0x000000070bc00000, 0x000000070be00000|  0%| F|  |TAMS 0x000000070bc00000, 0x000000070bc00000| Untracked 
|  55|0x000000070be00000, 0x000000070be00000, 0x000000070c000000|  0%| F|  |TAMS 0x000000070be00000, 0x000000070be00000| Untracked 
|  56|0x000000070c000000, 0x000000070c000000, 0x000000070c200000|  0%| F|  |TAMS 0x000000070c000000, 0x000000070c000000| Untracked 
|  57|0x000000070c200000, 0x000000070c200000, 0x000000070c400000|  0%| F|  |TAMS 0x000000070c200000, 0x000000070c200000| Untracked 
|  58|0x000000070c400000, 0x000000070c400000, 0x000000070c600000|  0%| F|  |TAMS 0x000000070c400000, 0x000000070c400000| Untracked 
|  59|0x000000070c600000, 0x000000070c600000, 0x000000070c800000|  0%| F|  |TAMS 0x000000070c600000, 0x000000070c600000| Untracked 
|  60|0x000000070c800000, 0x000000070c800000, 0x000000070ca00000|  0%| F|  |TAMS 0x000000070c800000, 0x000000070c800000| Untracked 
|  61|0x000000070ca00000, 0x000000070ca00000, 0x000000070cc00000|  0%| F|  |TAMS 0x000000070ca00000, 0x000000070ca00000| Untracked 
|  62|0x000000070cc00000, 0x000000070cc00000, 0x000000070ce00000|  0%| F|  |TAMS 0x000000070cc00000, 0x000000070cc00000| Untracked 
|  63|0x000000070ce00000, 0x000000070ce00000, 0x000000070d000000|  0%| F|  |TAMS 0x000000070ce00000, 0x000000070ce00000| Untracked 
|  64|0x000000070d000000, 0x000000070d000000, 0x000000070d200000|  0%| F|  |TAMS 0x000000070d000000, 0x000000070d000000| Untracked 
|  65|0x000000070d200000, 0x000000070d200000, 0x000000070d400000|  0%| F|  |TAMS 0x000000070d200000, 0x000000070d200000| Untracked 
|  66|0x000000070d400000, 0x000000070d400000, 0x000000070d600000|  0%| F|  |TAMS 0x000000070d400000, 0x000000070d400000| Untracked 
|  67|0x000000070d600000, 0x000000070d600000, 0x000000070d800000|  0%| F|  |TAMS 0x000000070d600000, 0x000000070d600000| Untracked 
|  68|0x000000070d800000, 0x000000070d800000, 0x000000070da00000|  0%| F|  |TAMS 0x000000070d800000, 0x000000070d800000| Untracked 
|  69|0x000000070da00000, 0x000000070da00000, 0x000000070dc00000|  0%| F|  |TAMS 0x000000070da00000, 0x000000070da00000| Untracked 
|  70|0x000000070dc00000, 0x000000070dc00000, 0x000000070de00000|  0%| F|  |TAMS 0x000000070dc00000, 0x000000070dc00000| Untracked 
|  71|0x000000070de00000, 0x000000070de00000, 0x000000070e000000|  0%| F|  |TAMS 0x000000070de00000, 0x000000070de00000| Untracked 
|  72|0x000000070e000000, 0x000000070e000000, 0x000000070e200000|  0%| F|  |TAMS 0x000000070e000000, 0x000000070e000000| Untracked 
|  73|0x000000070e200000, 0x000000070e200000, 0x000000070e400000|  0%| F|  |TAMS 0x000000070e200000, 0x000000070e200000| Untracked 
|  74|0x000000070e400000, 0x000000070e400000, 0x000000070e600000|  0%| F|  |TAMS 0x000000070e400000, 0x000000070e400000| Untracked 
|  75|0x000000070e600000, 0x000000070e600000, 0x000000070e800000|  0%| F|  |TAMS 0x000000070e600000, 0x000000070e600000| Untracked 
|  76|0x000000070e800000, 0x000000070e800000, 0x000000070ea00000|  0%| F|  |TAMS 0x000000070e800000, 0x000000070e800000| Untracked 
|  77|0x000000070ea00000, 0x000000070ea00000, 0x000000070ec00000|  0%| F|  |TAMS 0x000000070ea00000, 0x000000070ea00000| Untracked 
|  78|0x000000070ec00000, 0x000000070ec00000, 0x000000070ee00000|  0%| F|  |TAMS 0x000000070ec00000, 0x000000070ec00000| Untracked 
|  79|0x000000070ee00000, 0x000000070ee00000, 0x000000070f000000|  0%| F|  |TAMS 0x000000070ee00000, 0x000000070ee00000| Untracked 
|  80|0x000000070f000000, 0x000000070f000000, 0x000000070f200000|  0%| F|  |TAMS 0x000000070f000000, 0x000000070f000000| Untracked 
|  81|0x000000070f200000, 0x000000070f200000, 0x000000070f400000|  0%| F|  |TAMS 0x000000070f200000, 0x000000070f200000| Untracked 
|  82|0x000000070f400000, 0x000000070f400000, 0x000000070f600000|  0%| F|  |TAMS 0x000000070f400000, 0x000000070f400000| Untracked 
|  83|0x000000070f600000, 0x000000070f600000, 0x000000070f800000|  0%| F|  |TAMS 0x000000070f600000, 0x000000070f600000| Untracked 
|  84|0x000000070f800000, 0x000000070f800000, 0x000000070fa00000|  0%| F|  |TAMS 0x000000070f800000, 0x000000070f800000| Untracked 
|  85|0x000000070fa00000, 0x000000070fa00000, 0x000000070fc00000|  0%| F|  |TAMS 0x000000070fa00000, 0x000000070fa00000| Untracked 
|  86|0x000000070fc00000, 0x000000070fc00000, 0x000000070fe00000|  0%| F|  |TAMS 0x000000070fc00000, 0x000000070fc00000| Untracked 
|  87|0x000000070fe00000, 0x000000070fe00000, 0x0000000710000000|  0%| F|  |TAMS 0x000000070fe00000, 0x000000070fe00000| Untracked 
|  88|0x0000000710000000, 0x0000000710000000, 0x0000000710200000|  0%| F|  |TAMS 0x0000000710000000, 0x0000000710000000| Untracked 
|  89|0x0000000710200000, 0x0000000710200000, 0x0000000710400000|  0%| F|  |TAMS 0x0000000710200000, 0x0000000710200000| Untracked 
|  90|0x0000000710400000, 0x0000000710400000, 0x0000000710600000|  0%| F|  |TAMS 0x0000000710400000, 0x0000000710400000| Untracked 
|  91|0x0000000710600000, 0x0000000710600000, 0x0000000710800000|  0%| F|  |TAMS 0x0000000710600000, 0x0000000710600000| Untracked 
|  92|0x0000000710800000, 0x0000000710800000, 0x0000000710a00000|  0%| F|  |TAMS 0x0000000710800000, 0x0000000710800000| Untracked 
|  93|0x0000000710a00000, 0x0000000710a00000, 0x0000000710c00000|  0%| F|  |TAMS 0x0000000710a00000, 0x0000000710a00000| Untracked 
|  94|0x0000000710c00000, 0x0000000710c00000, 0x0000000710e00000|  0%| F|  |TAMS 0x0000000710c00000, 0x0000000710c00000| Untracked 
|  95|0x0000000710e00000, 0x0000000710e00000, 0x0000000711000000|  0%| F|  |TAMS 0x0000000710e00000, 0x0000000710e00000| Untracked 
|  96|0x0000000711000000, 0x0000000711000000, 0x0000000711200000|  0%| F|  |TAMS 0x0000000711000000, 0x0000000711000000| Untracked 
|  97|0x0000000711200000, 0x0000000711200000, 0x0000000711400000|  0%| F|  |TAMS 0x0000000711200000, 0x0000000711200000| Untracked 
|  98|0x0000000711400000, 0x0000000711400000, 0x0000000711600000|  0%| F|  |TAMS 0x0000000711400000, 0x0000000711400000| Untracked 
|  99|0x0000000711600000, 0x0000000711600000, 0x0000000711800000|  0%| F|  |TAMS 0x0000000711600000, 0x0000000711600000| Untracked 
| 100|0x0000000711800000, 0x0000000711800000, 0x0000000711a00000|  0%| F|  |TAMS 0x0000000711800000, 0x0000000711800000| Untracked 
| 101|0x0000000711a00000, 0x0000000711a00000, 0x0000000711c00000|  0%| F|  |TAMS 0x0000000711a00000, 0x0000000711a00000| Untracked 
| 102|0x0000000711c00000, 0x0000000711c00000, 0x0000000711e00000|  0%| F|  |TAMS 0x0000000711c00000, 0x0000000711c00000| Untracked 
| 103|0x0000000711e00000, 0x0000000711e00000, 0x0000000712000000|  0%| F|  |TAMS 0x0000000711e00000, 0x0000000711e00000| Untracked 
| 104|0x0000000712000000, 0x0000000712000000, 0x0000000712200000|  0%| F|  |TAMS 0x0000000712000000, 0x0000000712000000| Untracked 
| 105|0x0000000712200000, 0x0000000712200000, 0x0000000712400000|  0%| F|  |TAMS 0x0000000712200000, 0x0000000712200000| Untracked 
| 106|0x0000000712400000, 0x0000000712400000, 0x0000000712600000|  0%| F|  |TAMS 0x0000000712400000, 0x0000000712400000| Untracked 
| 107|0x0000000712600000, 0x0000000712600000, 0x0000000712800000|  0%| F|  |TAMS 0x0000000712600000, 0x0000000712600000| Untracked 
| 108|0x0000000712800000, 0x0000000712800000, 0x0000000712a00000|  0%| F|  |TAMS 0x0000000712800000, 0x0000000712800000| Untracked 
| 109|0x0000000712a00000, 0x0000000712a00000, 0x0000000712c00000|  0%| F|  |TAMS 0x0000000712a00000, 0x0000000712a00000| Untracked 
| 110|0x0000000712c00000, 0x0000000712c00000, 0x0000000712e00000|  0%| F|  |TAMS 0x0000000712c00000, 0x0000000712c00000| Untracked 
| 111|0x0000000712e00000, 0x0000000712e00000, 0x0000000713000000|  0%| F|  |TAMS 0x0000000712e00000, 0x0000000712e00000| Untracked 
| 112|0x0000000713000000, 0x0000000713000000, 0x0000000713200000|  0%| F|  |TAMS 0x0000000713000000, 0x0000000713000000| Untracked 
| 113|0x0000000713200000, 0x0000000713200000, 0x0000000713400000|  0%| F|  |TAMS 0x0000000713200000, 0x0000000713200000| Untracked 
| 114|0x0000000713400000, 0x0000000713400000, 0x0000000713600000|  0%| F|  |TAMS 0x0000000713400000, 0x0000000713400000| Untracked 
| 115|0x0000000713600000, 0x0000000713600000, 0x0000000713800000|  0%| F|  |TAMS 0x0000000713600000, 0x0000000713600000| Untracked 
| 116|0x0000000713800000, 0x0000000713800000, 0x0000000713a00000|  0%| F|  |TAMS 0x0000000713800000, 0x0000000713800000| Untracked 
| 117|0x0000000713a00000, 0x0000000713a00000, 0x0000000713c00000|  0%| F|  |TAMS 0x0000000713a00000, 0x0000000713a00000| Untracked 
| 118|0x0000000713c00000, 0x0000000713c00000, 0x0000000713e00000|  0%| F|  |TAMS 0x0000000713c00000, 0x0000000713c00000| Untracked 
| 119|0x0000000713e00000, 0x0000000713e00000, 0x0000000714000000|  0%| F|  |TAMS 0x0000000713e00000, 0x0000000713e00000| Untracked 
| 120|0x0000000714000000, 0x0000000714000000, 0x0000000714200000|  0%| F|  |TAMS 0x0000000714000000, 0x0000000714000000| Untracked 
| 121|0x0000000714200000, 0x0000000714200000, 0x0000000714400000|  0%| F|  |TAMS 0x0000000714200000, 0x0000000714200000| Untracked 
| 122|0x0000000714400000, 0x0000000714400000, 0x0000000714600000|  0%| F|  |TAMS 0x0000000714400000, 0x0000000714400000| Untracked 
| 123|0x0000000714600000, 0x0000000714600000, 0x0000000714800000|  0%| F|  |TAMS 0x0000000714600000, 0x0000000714600000| Untracked 
| 124|0x0000000714800000, 0x0000000714980598, 0x0000000714a00000| 75%| E|  |TAMS 0x0000000714800000, 0x0000000714800000| Complete 
| 125|0x0000000714a00000, 0x0000000714c00000, 0x0000000714c00000|100%| E|CS|TAMS 0x0000000714a00000, 0x0000000714a00000| Complete 

Card table byte_map: [0x0000020a2bdb0000,0x0000020a2c590000] _byte_map_base: 0x0000020a28588000

Marking Bits (Prev, Next): (CMBitMap*) 0x0000020a14624460, (CMBitMap*) 0x0000020a146244a0
 Prev Bits: [0x0000020a2cd70000, 0x0000020a30c30000)
 Next Bits: [0x0000020a30c30000, 0x0000020a34af0000)

Polling page: 0x0000020a12580000

Metaspace:

Usage:
  Non-class:      4.35 MB used.
      Class:    410.98 KB used.
       Both:      4.75 MB used.

Virtual space:
  Non-class space:        8.00 MB reserved,       4.38 MB ( 55%) committed,  1 nodes.
      Class space:        1.00 GB reserved,     512.00 KB ( <1%) committed,  1 nodes.
             Both:        1.01 GB reserved,       4.88 MB ( <1%) committed. 

Chunk freelists:
   Non-Class:  2.92 MB
       Class:  3.55 MB
        Both:  6.47 MB

MaxMetaspaceSize: unlimited
CompressedClassSpaceSize: 1.00 GB
Initial GC threshold: 21.00 MB
Current GC threshold: 21.00 MB
CDS: off
MetaspaceReclaimPolicy: balanced
 - commit_granule_bytes: 65536.
 - commit_granule_words: 8192.
 - virtual_space_node_default_size: 1048576.
 - enlarge_chunks_in_place: 1.
 - new_chunks_are_fully_committed: 0.
 - uncommit_free_chunks: 1.
 - use_allocation_guard: 0.
 - handle_deallocations: 1.


Internal statistics:

num_allocs_failed_limit: 0.
num_arena_births: 4.
num_arena_deaths: 0.
num_vsnodes_births: 2.
num_vsnodes_deaths: 0.
num_space_committed: 78.
num_space_uncommitted: 0.
num_chunks_returned_to_freelist: 0.
num_chunks_taken_from_freelist: 14.
num_chunk_merges: 0.
num_chunk_splits: 5.
num_chunks_enlarged: 4.
num_purges: 0.
num_inconsistent_stats: 0.

CodeHeap 'non-profiled nmethods': size=120000Kb used=49Kb max_used=49Kb free=119950Kb
 bounds [0x0000020a23b50000, 0x0000020a23dc0000, 0x0000020a2b080000]
CodeHeap 'profiled nmethods': size=120000Kb used=246Kb max_used=246Kb free=119753Kb
 bounds [0x0000020a1c620000, 0x0000020a1c890000, 0x0000020a23b50000]
CodeHeap 'non-nmethods': size=5760Kb used=1057Kb max_used=1072Kb free=4702Kb
 bounds [0x0000020a1c080000, 0x0000020a1c2f0000, 0x0000020a1c620000]
 total_blobs=515 nmethods=196 adapters=232
 compilation: enabled
              stopped_count=0, restarted_count=0
 full_count=0

Compilation events (20 events):
Event: 0.184 Thread 0x0000020a3808d9f0  185       1       java.net.URL::getUserInfo (5 bytes)
Event: 0.184 Thread 0x0000020a3808d9f0 nmethod 185 0x0000020a23b5ba10 code [0x0000020a23b5bba0, 0x0000020a23b5bc78]
Event: 0.184 Thread 0x0000020a3808d9f0  187       3       java.lang.StringLatin1::replace (198 bytes)
Event: 0.185 Thread 0x0000020a3808d9f0 nmethod 187 0x0000020a1c659e90 code [0x0000020a1c65a120, 0x0000020a1c65aea8]
Event: 0.185 Thread 0x0000020a3808d9f0  188       3       java.lang.String::lastIndexOf (12 bytes)
Event: 0.185 Thread 0x0000020a3808d9f0 nmethod 188 0x0000020a1c65b390 code [0x0000020a1c65b580, 0x0000020a1c65b998]
Event: 0.185 Thread 0x0000020a3808d9f0  189       3       java.nio.Buffer::hasRemaining (17 bytes)
Event: 0.185 Thread 0x0000020a3808cd00  190       4       java.lang.String::indexOf (7 bytes)
Event: 0.185 Thread 0x0000020a3808d9f0 nmethod 189 0x0000020a1c65bb10 code [0x0000020a1c65bca0, 0x0000020a1c65be18]
Event: 0.185 Thread 0x0000020a3808d9f0  191       3       java.util.ArrayList::get (15 bytes)
Event: 0.185 Thread 0x0000020a3808d9f0 nmethod 191 0x0000020a1c65be90 code [0x0000020a1c65c060, 0x0000020a1c65c3a8]
Event: 0.185 Thread 0x0000020a3808d9f0  192       3       java.util.Objects::checkIndex (7 bytes)
Event: 0.185 Thread 0x0000020a3808d9f0 nmethod 192 0x0000020a1c65c590 code [0x0000020a1c65c740, 0x0000020a1c65c948]
Event: 0.185 Thread 0x0000020a3808d9f0  193       3       java.io.RandomAccessFile::seek (22 bytes)
Event: 0.185 Thread 0x0000020a3808d9f0 nmethod 193 0x0000020a1c65ca90 code [0x0000020a1c65cc40, 0x0000020a1c65ce38]
Event: 0.186 Thread 0x0000020a3808cd00 nmethod 190 0x0000020a23b5c110 code [0x0000020a23b5c280, 0x0000020a23b5c438]
Event: 0.186 Thread 0x0000020a3808d9f0  195       3       java.lang.Character::toLowerCase (9 bytes)
Event: 0.186 Thread 0x0000020a3808d9f0 nmethod 195 0x0000020a1c65cf10 code [0x0000020a1c65d0c0, 0x0000020a1c65d2b8]
Event: 0.186 Thread 0x0000020a3808d9f0  196       3       java.lang.CharacterDataLatin1::toUpperCase (53 bytes)
Event: 0.187 Thread 0x0000020a3808d9f0 nmethod 196 0x0000020a1c65d390 code [0x0000020a1c65d540, 0x0000020a1c65d7d8]

GC Heap History (0 events):
No events

Deoptimization events (6 events):
Event: 0.128 Thread 0x0000020a1240ea00 Uncommon trap: trap_request=0xffffff45 fr.pc=0x0000020a23b50ef8 relative=0x0000000000000078
Event: 0.128 Thread 0x0000020a1240ea00 Uncommon trap: reason=unstable_if action=reinterpret pc=0x0000020a23b50ef8 method=java.lang.String.isLatin1()Z @ 10 c2
Event: 0.128 Thread 0x0000020a1240ea00 DEOPT PACKING pc=0x0000020a23b50ef8 sp=0x000000d378bfed70
Event: 0.128 Thread 0x0000020a1240ea00 DEOPT UNPACKING pc=0x0000020a1c0d23a3 sp=0x000000d378bfecb0 mode 2
Event: 0.166 Thread 0x0000020a1240ea00 DEOPT PACKING pc=0x0000020a1c638267 sp=0x000000d378bfaaf0
Event: 0.166 Thread 0x0000020a1240ea00 DEOPT UNPACKING pc=0x0000020a1c0d2b43 sp=0x000000d378bf9f10 mode 0

Classes unloaded (0 events):
No events

Classes redefined (0 events):
No events

Internal exceptions (0 events):
No events

VM Operations (2 events):
Event: 0.157 Executing VM operation: HandshakeAllThreads
Event: 0.157 Executing VM operation: HandshakeAllThreads done

Events (20 events):
Event: 0.157 loading class java/util/jar/Attributes
Event: 0.157 loading class java/util/jar/Attributes done
Event: 0.157 loading class java/util/LinkedHashMap
Event: 0.157 loading class java/util/LinkedHashMap done
Event: 0.157 loading class java/util/jar/Manifest$FastInputStream
Event: 0.157 loading class java/util/jar/Manifest$FastInputStream done
Event: 0.157 loading class java/io/ByteArrayOutputStream
Event: 0.157 loading class java/io/ByteArrayOutputStream done
Event: 0.157 loading class java/util/jar/Attributes$Name
Event: 0.157 loading class java/util/jar/Attributes$Name done
Event: 0.160 loading class jdk/internal/loader/URLClassPath$JarLoader$2
Event: 0.160 loading class jdk/internal/loader/URLClassPath$JarLoader$2 done
Event: 0.160 loading class java/util/zip/CRC32
Event: 0.160 loading class java/util/zip/Checksum
Event: 0.160 loading class java/util/zip/Checksum done
Event: 0.160 loading class java/util/zip/CRC32 done
Event: 0.160 loading class java/util/zip/Checksum$1
Event: 0.160 loading class java/util/zip/Checksum$1 done
Event: 0.181 loading class java/util/concurrent/ConcurrentHashMap$ForwardingNode
Event: 0.181 loading class java/util/concurrent/ConcurrentHashMap$ForwardingNode done


Dynamic libraries:
0x00007ff6dc310000 - 0x00007ff6dc31e000 	C:\Program Files\Zulu\zulu-17\bin\javaw.exe
0x00007ffc6c570000 - 0x00007ffc6c787000 	C:\Windows\SYSTEM32\ntdll.dll
0x00007ffc6a300000 - 0x00007ffc6a3c4000 	C:\Windows\System32\KERNEL32.DLL
0x00007ffc69c10000 - 0x00007ffc69fbd000 	C:\Windows\System32\KERNELBASE.dll
0x00007ffc69fc0000 - 0x00007ffc6a0d1000 	C:\Windows\System32\ucrtbase.dll
0x00007ffc65f70000 - 0x00007ffc65f88000 	C:\Program Files\Zulu\zulu-17\bin\jli.dll
0x00007ffc65e60000 - 0x00007ffc65e7b000 	C:\Program Files\Zulu\zulu-17\bin\VCRUNTIME140.dll
0x00007ffc6a990000 - 0x00007ffc6ab3e000 	C:\Windows\System32\USER32.dll
0x00007ffc4a170000 - 0x00007ffc4a403000 	C:\Windows\WinSxS\amd64_microsoft.windows.common-controls_6595b64144ccf1df_6.0.22621.3672_none_2713b9d173822955\COMCTL32.dll
0x00007ffc6a0e0000 - 0x00007ffc6a106000 	C:\Windows\System32\win32u.dll
0x00007ffc6ab90000 - 0x00007ffc6ac37000 	C:\Windows\System32\msvcrt.dll
0x00007ffc6a430000 - 0x00007ffc6a459000 	C:\Windows\System32\GDI32.dll
0x00007ffc6a180000 - 0x00007ffc6a299000 	C:\Windows\System32\gdi32full.dll
0x00007ffc69a00000 - 0x00007ffc69a9a000 	C:\Windows\System32\msvcp_win.dll
0x00007ffc6a2c0000 - 0x00007ffc6a2f1000 	C:\Windows\System32\IMM32.DLL
0x00007ffc693f0000 - 0x00007ffc69590000 	C:\Program Files\Avecto\Privilege Guard Client\PGHook.dll
0x00007ffc6af50000 - 0x00007ffc6b002000 	C:\Windows\System32\ADVAPI32.dll
0x00007ffc6a460000 - 0x00007ffc6a509000 	C:\Windows\System32\sechost.dll
0x00007ffc69aa0000 - 0x00007ffc69ac8000 	C:\Windows\System32\bcrypt.dll
0x00007ffc6ac40000 - 0x00007ffc6ad54000 	C:\Windows\System32\RPCRT4.dll
0x00007ffc65f20000 - 0x00007ffc65f2c000 	C:\Program Files\Zulu\zulu-17\bin\vcruntime140_1.dll
0x00007ffc3c280000 - 0x00007ffc3c30d000 	C:\Program Files\Zulu\zulu-17\bin\msvcp140.dll
0x00007ffbcbd50000 - 0x00007ffbcc9b0000 	C:\Program Files\Zulu\zulu-17\bin\server\jvm.dll
0x00007ffc6aec0000 - 0x00007ffc6aec8000 	C:\Windows\System32\PSAPI.DLL
0x00007ffc56c30000 - 0x00007ffc56c39000 	C:\Windows\SYSTEM32\WSOCK32.dll
0x00007ffc6aed0000 - 0x00007ffc6af41000 	C:\Windows\System32\WS2_32.dll
0x00007ffc61aa0000 - 0x00007ffc61ad4000 	C:\Windows\SYSTEM32\WINMM.dll
0x00007ffc5e6f0000 - 0x00007ffc5e6fa000 	C:\Windows\SYSTEM32\VERSION.dll
0x00007ffc68610000 - 0x00007ffc68628000 	C:\Windows\SYSTEM32\kernel.appcore.dll
0x00007ffc5c2f0000 - 0x00007ffc5c2fa000 	C:\Program Files\Zulu\zulu-17\bin\jimage.dll
0x00007ffc66df0000 - 0x00007ffc67022000 	C:\Windows\SYSTEM32\DBGHELP.DLL
0x00007ffc6bde0000 - 0x00007ffc6c16e000 	C:\Windows\System32\combase.dll
0x00007ffc6ba30000 - 0x00007ffc6bb07000 	C:\Windows\System32\OLEAUT32.dll
0x00007ffc5d640000 - 0x00007ffc5d672000 	C:\Windows\SYSTEM32\dbgcore.DLL
0x00007ffc69ad0000 - 0x00007ffc69b4b000 	C:\Windows\System32\bcryptPrimitives.dll
0x00007ffc0d4a0000 - 0x00007ffc0d4c5000 	C:\Program Files\Zulu\zulu-17\bin\java.dll
0x00007ffbd0200000 - 0x00007ffbd02d7000 	C:\Program Files\Zulu\zulu-17\bin\jsvml.dll
0x00007ffc6b010000 - 0x00007ffc6b877000 	C:\Windows\System32\SHELL32.dll
0x00007ffc671e0000 - 0x00007ffc67adf000 	C:\Windows\SYSTEM32\windows.storage.dll
0x00007ffc67b20000 - 0x00007ffc67c5f000 	C:\Windows\SYSTEM32\wintypes.dll
0x00007ffc6c350000 - 0x00007ffc6c449000 	C:\Windows\System32\SHCORE.dll
0x00007ffc6c4d0000 - 0x00007ffc6c52e000 	C:\Windows\System32\shlwapi.dll
0x00007ffc697c0000 - 0x00007ffc697e7000 	C:\Windows\SYSTEM32\profapi.dll
0x00007ffc5c2d0000 - 0x00007ffc5c2e9000 	C:\Program Files\Zulu\zulu-17\bin\net.dll
0x00007ffc68630000 - 0x00007ffc68766000 	C:\Windows\SYSTEM32\WINHTTP.dll
0x00007ffc68bb0000 - 0x00007ffc68c19000 	C:\Windows\system32\mswsock.dll
0x00007ffc0d5a0000 - 0x00007ffc0d5b6000 	C:\Program Files\Zulu\zulu-17\bin\nio.dll
0x00007ffc0be90000 - 0x00007ffc0bea8000 	C:\Program Files\Zulu\zulu-17\bin\zip.dll

dbghelp: loaded successfully - version: 4.0.5 - missing functions: none
symbol engine: initialized successfully - sym options: 0x614 - pdb path: .;C:\Program Files\Zulu\zulu-17\bin;C:\Windows\SYSTEM32;C:\Windows\WinSxS\amd64_microsoft.windows.common-controls_6595b64144ccf1df_6.0.22621.3672_none_2713b9d173822955;C:\Program Files\Avecto\Privilege Guard Client;C:\Program Files\Zulu\zulu-17\bin\server

VM Arguments:
jvm_args: -Dfile.encoding=UTF-8 -Dstdout.encoding=UTF-8 -Dstderr.encoding=UTF-8 -XX:+ShowCodeDetailsInExceptionMessages 
java_command: seleniumDemoProject.sel
java_class_path (initial): C:\Users\2332901\eclipse-workspace\seleniumDemoProject\bin;C:\Users\2332901\OneDrive - Cognizant\Desktop\selenium\Open Source_Google Project Hosting_Selenium Java_windows_4.15_selenium-java-4.15.0\selenium-api-4.15.0 - Copy.jar;C:\Users\2332901\OneDrive - Cognizant\Desktop\selenium\Open Source_Google Project Hosting_Selenium Java_windows_4.15_selenium-java-4.15.0\selenium-api-4.15.0.jar;C:\Users\2332901\OneDrive - Cognizant\Desktop\selenium\Open Source_Google Project Hosting_Selenium Java_windows_4.15_selenium-java-4.15.0\selenium-api-4.15.0-sources - Copy.jar;C:\Users\2332901\OneDrive - Cognizant\Desktop\selenium\Open Source_Google Project Hosting_Selenium Java_windows_4.15_selenium-java-4.15.0\selenium-api-4.15.0-sources.jar;C:\Users\2332901\OneDrive - Cognizant\Desktop\selenium\Open Source_Google Project Hosting_Selenium Java_windows_4.15_selenium-java-4.15.0\selenium-chrome-driver-4.15.0 - Copy.jar;C:\Users\2332901\OneDrive - Cognizant\Desktop\selenium\Open Source_Google Project Hosting_Selenium Java_windows_4.15_selenium-java-4.15.0\selenium-chrome-driver-4.15.0.jar;C:\Users\2332901\OneDrive - Cognizant\Desktop\selenium\Open Source_Google Project Hosting_Selenium Java_windows_4.15_selenium-java-4.15.0\selenium-chrome-driver-4.15.0-sources - Copy.jar;C:\Users\2332901\OneDrive - Cognizant\Desktop\selenium\Open Source_Google Project Hosting_Selenium Java_windows_4.15_selenium-java-4.15.0\selenium-chrome-driver-4.15.0-sources.jar;C:\Users\2332901\OneDrive - Cognizant\Desktop\selenium\Open Source_Google Project Hosting_Selenium Java_windows_4.15_selenium-java-4.15.0\selenium-chromium-driver-4.15.0.jar;C:\Users\2332901\OneDrive - Cognizant\Desktop\selenium\Open Source_Google Project Hosting_Selenium Java_windows_4.15_selenium-java-4.15.0\selenium-chromium-driver-4.15.0-sources.jar;C:\Users\2332901\OneDrive - Cognizant\Desktop\selenium\Open Source_Google Project Hosting_Selenium Java_windows_4.15_selenium-java-4.15.0\selenium-devtools-v85-
Launcher Type: SUN_STANDARD

[Global flags]
     intx CICompilerCount                          = 4                                         {product} {ergonomic}
     uint ConcGCThreads                            = 3                                         {product} {ergonomic}
     uint G1ConcRefinementThreads                  = 10                                        {product} {ergonomic}
   size_t G1HeapRegionSize                         = 2097152                                   {product} {ergonomic}
    uintx GCDrainStackTargetSize                   = 64                                        {product} {ergonomic}
   size_t InitialHeapSize                          = 264241152                                 {product} {ergonomic}
   size_t MarkStackSize                            = 4194304                                   {product} {ergonomic}
   size_t MaxHeapSize                              = 4211081216                                {product} {ergonomic}
   size_t MaxNewSize                               = 2524971008                                {product} {ergonomic}
   size_t MinHeapDeltaBytes                        = 2097152                                   {product} {ergonomic}
   size_t MinHeapSize                              = 8388608                                   {product} {ergonomic}
    uintx NonNMethodCodeHeapSize                   = 5839372                                {pd product} {ergonomic}
    uintx NonProfiledCodeHeapSize                  = 122909434                              {pd product} {ergonomic}
    uintx ProfiledCodeHeapSize                     = 122909434                              {pd product} {ergonomic}
    uintx ReservedCodeCacheSize                    = 251658240                              {pd product} {ergonomic}
     bool SegmentedCodeCache                       = true                                      {product} {ergonomic}
     bool ShowCodeDetailsInExceptionMessages       = true                                   {manageable} {command line}
   size_t SoftMaxHeapSize                          = 4211081216                             {manageable} {ergonomic}
     bool UseCompressedClassPointers               = true                           {product lp64_product} {ergonomic}
     bool UseCompressedOops                        = true                           {product lp64_product} {ergonomic}
     bool UseG1GC                                  = true                                      {product} {ergonomic}
     bool UseLargePagesIndividualAllocation        = false                                  {pd product} {ergonomic}

Logging:
Log output configuration:
 #0: stdout all=warning uptime,level,tags
 #1: stderr all=off uptime,level,tags

Environment Variables:
PATH=C:/Program Files/Zulu/zulu-17/bin/server;C:/Program Files/Zulu/zulu-17/bin;C:\Program Files\Zulu\zulu-17\bin\;C:\Windows\system32;C:\Windows;C:\Windows\System32\Wbem;C:\Windows\System32\WindowsPowerShell\v1.0\;C:\Windows\System32\OpenSSH\;C:\Users\2332901\AppData\Local\Microsoft\WindowsApps;;C:\Windows\system32;
USERNAME=2332901
OS=Windows_NT
PROCESSOR_IDENTIFIER=Intel64 Family 6 Model 154 Stepping 4, GenuineIntel



---------------  S Y S T E M  ---------------

OS:
 Windows 11 , 64 bit Build 22621 (10.0.22621.3958)
OS uptime: 4 days 1:14 hours
Hyper-V role detected

CPU: total 12 (initial active 12) (6 cores per cpu, 2 threads per core) family 6 model 154 stepping 4 microcode 0x42c, cx8, cmov, fxsr, ht, mmx, 3dnowpref, sse, sse2, sse3, ssse3, sse4.1, sse4.2, popcnt, lzcnt, tsc, tscinvbit, avx, avx2, aes, erms, clmul, bmi1, bmi2, adx, sha, fma, vzeroupper, clflush, clflushopt, clwb, hv

Memory: 4k page, system-wide physical 16059M (3093M free)
TotalPageFile size 57019M (AvailPageFile size 3M)
current process WorkingSet (physical memory assigned to process): 34M, peak: 34M
current process commit charge ("private bytes"): 338M, peak: 339M

vm_info: OpenJDK 64-Bit Server VM (17.0.2+8-LTS) for windows-amd64 JRE (17.0.2+8-LTS) (Zulu17.32+13-CA), built on Jan  8 2022 13:06:16 by "zulu_re" with MS VC++ 16.10 / 16.11 (VS2019)

END.
