#
# There is insufficient memory for the Java Runtime Environment to continue.
# Native memory allocation (mmap) failed to map 264241152 bytes for G1 virtual space
# Possible reasons:
#   The system is out of physical RAM or swap space
#   The process is running with CompressedOops enabled, and the Java Heap may be blocking the growth of the native heap
# Possible solutions:
#   Reduce memory load on the system
#   Increase physical memory or swap space
#   Check if swap backing store is full
#   Decrease Java heap size (-Xmx/-Xms)
#   Decrease number of Java threads
#   Decrease Java thread stack sizes (-Xss)
#   Set larger code cache with -XX:ReservedCodeCacheSize=
#   JVM is running with Zero Based Compressed Oops mode in which the Java heap is
#     placed in the first 32GB address space. The Java Heap base address is the
#     maximum limit for the native heap growth. Please use -XX:HeapBaseMinAddress
#     to set the Java Heap base and to place the Java Heap above 32GB virtual address.
# This output file may be truncated or incomplete.
#
#  Out of Memory Error (os_windows.cpp:3532), pid=47620, tid=36188
#
# JRE version:  (17.0.2+8) (build )
# Java VM: OpenJDK 64-Bit Server VM (17.0.2+8-LTS, mixed mode, sharing, tiered, compressed oops, compressed class ptrs, g1 gc, windows-amd64)
# No core dump will be written. Minidumps are not enabled by default on client versions of Windows
#

---------------  S U M M A R Y ------------

Command Line: -Dfile.encoding=UTF-8 -Dstdout.encoding=UTF-8 -Dstderr.encoding=UTF-8 -XX:+ShowCodeDetailsInExceptionMessages seleniumDemoProject.demoOfBooks

Host: 12th Gen Intel(R) Core(TM) i5-1245U, 12 cores, 15G,  Windows 11 , 64 bit Build 22621 (10.0.22621.3958)
Time: Fri Sep 27 14:36:42 2024 India Standard Time elapsed time: 0.022660 seconds (0d 0h 0m 0s)

---------------  T H R E A D  ---------------

Current thread (0x00000155bf7e3ee0):  JavaThread "Unknown thread" [_thread_in_vm, id=36188, stack(0x0000000327300000,0x0000000327400000)]

Stack: [0x0000000327300000,0x0000000327400000]
Native frames: (J=compiled Java code, j=interpreted, Vv=VM code, C=native code)
V  [jvm.dll+0x6769fa]
V  [jvm.dll+0x831784]
V  [jvm.dll+0x832f2e]
V  [jvm.dll+0x833593]
V  [jvm.dll+0x2455e5]
V  [jvm.dll+0x673919]
V  [jvm.dll+0x668252]
V  [jvm.dll+0x30432b]
V  [jvm.dll+0x30b836]
V  [jvm.dll+0x35b5fe]
V  [jvm.dll+0x35b82f]
V  [jvm.dll+0x2db2d8]
V  [jvm.dll+0x2dc244]
V  [jvm.dll+0x803011]
V  [jvm.dll+0x369381]
V  [jvm.dll+0x7e238c]
V  [jvm.dll+0x3ec14f]
V  [jvm.dll+0x3edcd1]
C  [jli.dll+0x527b]
C  [ucrtbase.dll+0x29333]
C  [KERNEL32.DLL+0x1257d]
C  [ntdll.dll+0x5af28]


---------------  P R O C E S S  ---------------

Threads class SMR info:
_java_thread_list=0x00007ffbcc87eed8, length=0, elements={
}

Java Threads: ( => current thread )

Other Threads:
  0x00000155bf834860 GCTaskThread "GC Thread#0" [stack: 0x0000000327400000,0x0000000327500000] [id=45400]
  0x00000155bf845a40 ConcurrentGCThread "G1 Main Marker" [stack: 0x0000000327500000,0x0000000327600000] [id=16832]
  0x00000155bf846e30 ConcurrentGCThread "G1 Conc#0" [stack: 0x0000000327600000,0x0000000327700000] [id=46224]

[error occurred during error reporting (printing all threads), id 0xc0000005, EXCEPTION_ACCESS_VIOLATION (0xc0000005) at pc=0x00007ffbcc03bd07]

VM state: not at safepoint (not fully initialized)

VM Mutex/Monitor currently owned by a thread:  ([mutex/lock_event])
[0x00000155bf7df2b0] Heap_lock - owner thread: 0x00000155bf7e3ee0

Heap address: 0x0000000705000000, size: 4016 MB, Compressed Oops mode: Zero based, Oop shift amount: 3

CDS archive(s) mapped at: [0x0000000000000000-0x0000000000000000-0x0000000000000000), size 0, SharedBaseAddress: 0x0000000800000000, ArchiveRelocationMode: 0.
Narrow klass base: 0x0000000000000000, Narrow klass shift: 0, Narrow klass range: 0x0

GC Precious Log:
<Empty>

Heap:
 garbage-first heap   total 0K, used 0K [0x0000000705000000, 0x0000000800000000)
  region size 2048K, 0 young (0K), 0 survivors (0K)

[error occurred during error reporting (printing heap information), id 0xc0000005, EXCEPTION_ACCESS_VIOLATION (0xc0000005) at pc=0x00007ffbcc41fd49]

GC Heap History (0 events):
No events

Deoptimization events (0 events):
No events

Classes unloaded (0 events):
No events

Classes redefined (0 events):
No events

Internal exceptions (0 events):
No events

VM Operations (0 events):
No events

Events (1 events):
Event: 0.018 Loaded shared library C:\Program Files\Zulu\zulu-17\bin\java.dll


Dynamic libraries:
0x00007ff6dc310000 - 0x00007ff6dc31e000 	C:\Program Files\Zulu\zulu-17\bin\javaw.exe
0x00007ffc6c570000 - 0x00007ffc6c787000 	C:\Windows\SYSTEM32\ntdll.dll
0x00007ffc6a300000 - 0x00007ffc6a3c4000 	C:\Windows\System32\KERNEL32.DLL
0x00007ffc69c10000 - 0x00007ffc69fbd000 	C:\Windows\System32\KERNELBASE.dll
0x00007ffc69fc0000 - 0x00007ffc6a0d1000 	C:\Windows\System32\ucrtbase.dll
0x00007ffc65f70000 - 0x00007ffc65f88000 	C:\Program Files\Zulu\zulu-17\bin\jli.dll
0x00007ffc6a990000 - 0x00007ffc6ab3e000 	C:\Windows\System32\USER32.dll
0x00007ffc65e60000 - 0x00007ffc65e7b000 	C:\Program Files\Zulu\zulu-17\bin\VCRUNTIME140.dll
0x00007ffc6a0e0000 - 0x00007ffc6a106000 	C:\Windows\System32\win32u.dll
0x00007ffc6a430000 - 0x00007ffc6a459000 	C:\Windows\System32\GDI32.dll
0x00007ffc6a180000 - 0x00007ffc6a299000 	C:\Windows\System32\gdi32full.dll
0x00007ffc69a00000 - 0x00007ffc69a9a000 	C:\Windows\System32\msvcp_win.dll
0x00007ffc4a170000 - 0x00007ffc4a403000 	C:\Windows\WinSxS\amd64_microsoft.windows.common-controls_6595b64144ccf1df_6.0.22621.3672_none_2713b9d173822955\COMCTL32.dll
0x00007ffc6ab90000 - 0x00007ffc6ac37000 	C:\Windows\System32\msvcrt.dll
0x00007ffc6a2c0000 - 0x00007ffc6a2f1000 	C:\Windows\System32\IMM32.DLL
0x00007ffc693f0000 - 0x00007ffc69590000 	C:\Program Files\Avecto\Privilege Guard Client\PGHook.dll
0x00007ffc6af50000 - 0x00007ffc6b002000 	C:\Windows\System32\ADVAPI32.dll
0x00007ffc6a460000 - 0x00007ffc6a509000 	C:\Windows\System32\sechost.dll
0x00007ffc69aa0000 - 0x00007ffc69ac8000 	C:\Windows\System32\bcrypt.dll
0x00007ffc6ac40000 - 0x00007ffc6ad54000 	C:\Windows\System32\RPCRT4.dll
0x00007ffc65f20000 - 0x00007ffc65f2c000 	C:\Program Files\Zulu\zulu-17\bin\vcruntime140_1.dll
0x00007ffc3c280000 - 0x00007ffc3c30d000 	C:\Program Files\Zulu\zulu-17\bin\msvcp140.dll
0x00007ffbcbd50000 - 0x00007ffbcc9b0000 	C:\Program Files\Zulu\zulu-17\bin\server\jvm.dll
0x00007ffc6aec0000 - 0x00007ffc6aec8000 	C:\Windows\System32\PSAPI.DLL
0x00007ffc56c30000 - 0x00007ffc56c39000 	C:\Windows\SYSTEM32\WSOCK32.dll
0x00007ffc6aed0000 - 0x00007ffc6af41000 	C:\Windows\System32\WS2_32.dll
0x00007ffc61aa0000 - 0x00007ffc61ad4000 	C:\Windows\SYSTEM32\WINMM.dll
0x00007ffc5e6f0000 - 0x00007ffc5e6fa000 	C:\Windows\SYSTEM32\VERSION.dll
0x00007ffc68610000 - 0x00007ffc68628000 	C:\Windows\SYSTEM32\kernel.appcore.dll
0x00007ffc5c2f0000 - 0x00007ffc5c2fa000 	C:\Program Files\Zulu\zulu-17\bin\jimage.dll
0x00007ffc66df0000 - 0x00007ffc67022000 	C:\Windows\SYSTEM32\DBGHELP.DLL
0x00007ffc6bde0000 - 0x00007ffc6c16e000 	C:\Windows\System32\combase.dll
0x00007ffc6ba30000 - 0x00007ffc6bb07000 	C:\Windows\System32\OLEAUT32.dll
0x00007ffc5d640000 - 0x00007ffc5d672000 	C:\Windows\SYSTEM32\dbgcore.DLL
0x00007ffc69ad0000 - 0x00007ffc69b4b000 	C:\Windows\System32\bcryptPrimitives.dll
0x00007ffc0d4a0000 - 0x00007ffc0d4c5000 	C:\Program Files\Zulu\zulu-17\bin\java.dll

dbghelp: loaded successfully - version: 4.0.5 - missing functions: none
symbol engine: initialized successfully - sym options: 0x614 - pdb path: .;C:\Program Files\Zulu\zulu-17\bin;C:\Windows\SYSTEM32;C:\Windows\WinSxS\amd64_microsoft.windows.common-controls_6595b64144ccf1df_6.0.22621.3672_none_2713b9d173822955;C:\Program Files\Avecto\Privilege Guard Client;C:\Program Files\Zulu\zulu-17\bin\server

VM Arguments:
jvm_args: -Dfile.encoding=UTF-8 -Dstdout.encoding=UTF-8 -Dstderr.encoding=UTF-8 -XX:+ShowCodeDetailsInExceptionMessages 
java_command: seleniumDemoProject.demoOfBooks
java_class_path (initial): C:\Users\2332901\eclipse-workspace\seleniumDemoProject\bin;C:\Users\2332901\OneDrive - Cognizant\Desktop\selenium\Open Source_Google Project Hosting_Selenium Java_windows_4.15_selenium-java-4.15.0\selenium-api-4.15.0 - Copy.jar;C:\Users\2332901\OneDrive - Cognizant\Desktop\selenium\Open Source_Google Project Hosting_Selenium Java_windows_4.15_selenium-java-4.15.0\selenium-api-4.15.0.jar;C:\Users\2332901\OneDrive - Cognizant\Desktop\selenium\Open Source_Google Project Hosting_Selenium Java_windows_4.15_selenium-java-4.15.0\selenium-api-4.15.0-sources - Copy.jar;C:\Users\2332901\OneDrive - Cognizant\Desktop\selenium\Open Source_Google Project Hosting_Selenium Java_windows_4.15_selenium-java-4.15.0\selenium-api-4.15.0-sources.jar;C:\Users\2332901\OneDrive - Cognizant\Desktop\selenium\Open Source_Google Project Hosting_Selenium Java_windows_4.15_selenium-java-4.15.0\selenium-chrome-driver-4.15.0 - Copy.jar;C:\Users\2332901\OneDrive - Cognizant\Desktop\selenium\Open Source_Google Project Hosting_Selenium Java_windows_4.15_selenium-java-4.15.0\selenium-chrome-driver-4.15.0.jar;C:\Users\2332901\OneDrive - Cognizant\Desktop\selenium\Open Source_Google Project Hosting_Selenium Java_windows_4.15_selenium-java-4.15.0\selenium-chrome-driver-4.15.0-sources - Copy.jar;C:\Users\2332901\OneDrive - Cognizant\Desktop\selenium\Open Source_Google Project Hosting_Selenium Java_windows_4.15_selenium-java-4.15.0\selenium-chrome-driver-4.15.0-sources.jar;C:\Users\2332901\OneDrive - Cognizant\Desktop\selenium\Open Source_Google Project Hosting_Selenium Java_windows_4.15_selenium-java-4.15.0\selenium-chromium-driver-4.15.0.jar;C:\Users\2332901\OneDrive - Cognizant\Desktop\selenium\Open Source_Google Project Hosting_Selenium Java_windows_4.15_selenium-java-4.15.0\selenium-chromium-driver-4.15.0-sources.jar;C:\Users\2332901\OneDrive - Cognizant\Desktop\selenium\Open Source_Google Project Hosting_Selenium Java_windows_4.15_selenium-java-4.15.0\selenium-devtools-v85-
Launcher Type: SUN_STANDARD

[Global flags]
     intx CICompilerCount                          = 4                                         {product} {ergonomic}
     uint ConcGCThreads                            = 3                                         {product} {ergonomic}
     uint G1ConcRefinementThreads                  = 10                                        {product} {ergonomic}
   size_t G1HeapRegionSize                         = 2097152                                   {product} {ergonomic}
    uintx GCDrainStackTargetSize                   = 64                                        {product} {ergonomic}
   size_t InitialHeapSize                          = 264241152                                 {product} {ergonomic}
   size_t MarkStackSize                            = 4194304                                   {product} {ergonomic}
   size_t MaxHeapSize                              = 4211081216                                {product} {ergonomic}
   size_t MinHeapDeltaBytes                        = 2097152                                   {product} {ergonomic}
   size_t MinHeapSize                              = 8388608                                   {product} {ergonomic}
    uintx NonNMethodCodeHeapSize                   = 5839372                                {pd product} {ergonomic}
    uintx NonProfiledCodeHeapSize                  = 122909434                              {pd product} {ergonomic}
    uintx ProfiledCodeHeapSize                     = 122909434                              {pd product} {ergonomic}
    uintx ReservedCodeCacheSize                    = 251658240                              {pd product} {ergonomic}
     bool SegmentedCodeCache                       = true                                      {product} {ergonomic}
     bool ShowCodeDetailsInExceptionMessages       = true                                   {manageable} {command line}
   size_t SoftMaxHeapSize                          = 4211081216                             {manageable} {ergonomic}
     bool UseCompressedClassPointers               = true                           {product lp64_product} {ergonomic}
     bool UseCompressedOops                        = true                           {product lp64_product} {ergonomic}
     bool UseG1GC                                  = true                                      {product} {ergonomic}
     bool UseLargePagesIndividualAllocation        = false                                  {pd product} {ergonomic}

Logging:
Log output configuration:
 #0: stdout all=warning uptime,level,tags
 #1: stderr all=off uptime,level,tags

Environment Variables:
PATH=C:/Program Files/Zulu/zulu-17/bin/server;C:/Program Files/Zulu/zulu-17/bin;C:\Program Files\Zulu\zulu-17\bin\;C:\Windows\system32;C:\Windows;C:\Windows\System32\Wbem;C:\Windows\System32\WindowsPowerShell\v1.0\;C:\Windows\System32\OpenSSH\;C:\Users\2332901\AppData\Local\Microsoft\WindowsApps;;C:\Windows\system32;
USERNAME=2332901
OS=Windows_NT
PROCESSOR_IDENTIFIER=Intel64 Family 6 Model 154 Stepping 4, GenuineIntel



---------------  S Y S T E M  ---------------

OS:
 Windows 11 , 64 bit Build 22621 (10.0.22621.3958)
OS uptime: 4 days 4:58 hours
Hyper-V role detected

CPU: total 12 (initial active 12) (6 cores per cpu, 2 threads per core) family 6 model 154 stepping 4 microcode 0x42c, cx8, cmov, fxsr, ht, mmx, 3dnowpref, sse, sse2, sse3, ssse3, sse4.1, sse4.2, popcnt, lzcnt, tsc, tscinvbit, avx, avx2, aes, erms, clmul, bmi1, bmi2, adx, sha, fma, vzeroupper, clflush, clflushopt, clwb, hv

Memory: 4k page, system-wide physical 16059M (3848M free)
TotalPageFile size 57019M (AvailPageFile size 9M)
current process WorkingSet (physical memory assigned to process): 12M, peak: 12M
current process commit charge ("private bytes"): 64M, peak: 316M

vm_info: OpenJDK 64-Bit Server VM (17.0.2+8-LTS) for windows-amd64 JRE (17.0.2+8-LTS) (Zulu17.32+13-CA), built on Jan  8 2022 13:06:16 by "zulu_re" with MS VC++ 16.10 / 16.11 (VS2019)

END.
